<?xml version="1.0" encoding="UTF-8"?>
<testng-results ignored="0" total="1" passed="1" failed="0" skipped="0">
  <reporter-output>
  </reporter-output>
  <suite started-at="2023-10-23T12:35:04 PKT" name="Default suite" finished-at="2023-10-23T12:35:18 PKT" duration-ms="14114">
    <groups>
    </groups>
    <test started-at="2023-10-23T12:35:04 PKT" name="Default test" finished-at="2023-10-23T12:35:18 PKT" duration-ms="14114">
      <class name="selenium.selenium.khan">
        <test-method signature="f()[pri:0, instance:selenium.selenium.khan@41a0aa7d]" started-at="2023-10-23T12:35:04 PKT" name="f" finished-at="2023-10-23T12:35:18 PKT" duration-ms="14039" status="PASS">
          <reporter-output>
          </reporter-output>
        </test-method> <!-- f -->
      </class> <!-- selenium.selenium.khan -->
    </test> <!-- Default test -->
  </suite> <!-- Default suite -->
</testng-results>
